<?xml version="1.0" encoding="UTF-8"?>
<testng-results ignored="0" total="9" passed="9" failed="0" skipped="0">
  <reporter-output>
  </reporter-output>
  <suite started-at="2021-11-09T18:08:39 IST" name="Suite" finished-at="2021-11-09T18:08:58 IST" duration-ms="18610">
    <groups>
    </groups>
    <test started-at="2021-11-09T18:08:39 IST" name="Test" finished-at="2021-11-09T18:08:58 IST" duration-ms="18610">
      <class name="im.AllDeviceTest">
        <test-method signature="TC001_ClickAllDevice()[pri:0, instance:im.AllDeviceTest@4e50c791]" started-at="2021-11-09T18:08:50 IST" name="TC001_ClickAllDevice" finished-at="2021-11-09T18:08:50 IST" duration-ms="160" status="PASS">
          <reporter-output>
          </reporter-output>
        </test-method> <!-- TC001_ClickAllDevice -->
        <test-method is-config="true" signature="takeScreenShotOnFailure(org.testng.ITestResult)[pri:0, instance:im.AllDeviceTest@4e50c791]" started-at="2021-11-09T18:08:50 IST" name="takeScreenShotOnFailure" finished-at="2021-11-09T18:08:50 IST" duration-ms="1" status="PASS">
          <params>
            <param index="0">
              <value>
                <![CDATA[[TestResult name=TC001_ClickAllDevice status=SUCCESS method=AllDeviceTest.TC001_ClickAllDevice()[pri:0, instance:im.AllDeviceTest@4e50c791] output={null}]]]>
              </value>
            </param>
          </params>
          <reporter-output>
          </reporter-output>
        </test-method> <!-- takeScreenShotOnFailure -->
        <test-method signature="TC002_CreateNewDevice()[pri:0, instance:im.AllDeviceTest@4e50c791]" started-at="2021-11-09T18:08:50 IST" name="TC002_CreateNewDevice" finished-at="2021-11-09T18:08:58 IST" duration-ms="7035" status="PASS">
          <reporter-output>
          </reporter-output>
        </test-method> <!-- TC002_CreateNewDevice -->
        <test-method is-config="true" signature="takeScreenShotOnFailure(org.testng.ITestResult)[pri:0, instance:im.AllDeviceTest@4e50c791]" started-at="2021-11-09T18:08:58 IST" name="takeScreenShotOnFailure" finished-at="2021-11-09T18:08:58 IST" duration-ms="1" status="PASS">
          <params>
            <param index="0">
              <value>
                <![CDATA[[TestResult name=TC002_CreateNewDevice status=SUCCESS method=AllDeviceTest.TC002_CreateNewDevice()[pri:0, instance:im.AllDeviceTest@4e50c791] output={null}]]]>
              </value>
            </param>
          </params>
          <reporter-output>
          </reporter-output>
        </test-method> <!-- takeScreenShotOnFailure -->
      </class> <!-- im.AllDeviceTest -->
      <class name="im.HomepgTest">
        <test-method signature="TC001_LaunchURL()[pri:0, instance:im.HomepgTest@8297b3a]" started-at="2021-11-09T18:08:39 IST" name="TC001_LaunchURL" finished-at="2021-11-09T18:08:42 IST" duration-ms="3142" status="PASS">
          <reporter-output>
          </reporter-output>
        </test-method> <!-- TC001_LaunchURL -->
        <test-method is-config="true" signature="takeScreenShotOnFailure(org.testng.ITestResult)[pri:0, instance:im.HomepgTest@8297b3a]" started-at="2021-11-09T18:08:42 IST" name="takeScreenShotOnFailure" finished-at="2021-11-09T18:08:42 IST" duration-ms="3" status="PASS">
          <params>
            <param index="0">
              <value>
                <![CDATA[[TestResult name=TC001_LaunchURL status=SUCCESS method=HomepgTest.TC001_LaunchURL()[pri:0, instance:im.HomepgTest@8297b3a] output={null}]]]>
              </value>
            </param>
          </params>
          <reporter-output>
          </reporter-output>
        </test-method> <!-- takeScreenShotOnFailure -->
        <test-method signature="TC002_Login()[pri:0, instance:im.HomepgTest@8297b3a]" started-at="2021-11-09T18:08:42 IST" name="TC002_Login" finished-at="2021-11-09T18:08:49 IST" duration-ms="6717" status="PASS">
          <reporter-output>
          </reporter-output>
        </test-method> <!-- TC002_Login -->
        <test-method is-config="true" signature="takeScreenShotOnFailure(org.testng.ITestResult)[pri:0, instance:im.HomepgTest@8297b3a]" started-at="2021-11-09T18:08:49 IST" name="takeScreenShotOnFailure" finished-at="2021-11-09T18:08:49 IST" duration-ms="1" status="PASS">
          <params>
            <param index="0">
              <value>
                <![CDATA[[TestResult name=TC002_Login status=SUCCESS method=HomepgTest.TC002_Login()[pri:0, instance:im.HomepgTest@8297b3a] output={null}]]]>
              </value>
            </param>
          </params>
          <reporter-output>
          </reporter-output>
        </test-method> <!-- takeScreenShotOnFailure -->
        <test-method signature="TC003_ClickAllDevice()[pri:0, instance:im.HomepgTest@8297b3a]" started-at="2021-11-09T18:08:49 IST" name="TC003_ClickAllDevice" finished-at="2021-11-09T18:08:49 IST" duration-ms="104" status="PASS">
          <reporter-output>
          </reporter-output>
        </test-method> <!-- TC003_ClickAllDevice -->
        <test-method is-config="true" signature="takeScreenShotOnFailure(org.testng.ITestResult)[pri:0, instance:im.HomepgTest@8297b3a]" started-at="2021-11-09T18:08:49 IST" name="takeScreenShotOnFailure" finished-at="2021-11-09T18:08:49 IST" duration-ms="1" status="PASS">
          <params>
            <param index="0">
              <value>
                <![CDATA[[TestResult name=TC003_ClickAllDevice status=SUCCESS method=HomepgTest.TC003_ClickAllDevice()[pri:0, instance:im.HomepgTest@8297b3a] output={null}]]]>
              </value>
            </param>
          </params>
          <reporter-output>
          </reporter-output>
        </test-method> <!-- takeScreenShotOnFailure -->
        <test-method signature="TC004_ClickMaintainRepair()[pri:0, instance:im.HomepgTest@8297b3a]" started-at="2021-11-09T18:08:49 IST" name="TC004_ClickMaintainRepair" finished-at="2021-11-09T18:08:50 IST" duration-ms="667" status="PASS">
          <reporter-output>
          </reporter-output>
        </test-method> <!-- TC004_ClickMaintainRepair -->
        <test-method signature="TC005_ClickDispenseCollect()[pri:0, instance:im.HomepgTest@8297b3a]" started-at="2021-11-09T18:08:50 IST" name="TC005_ClickDispenseCollect" finished-at="2021-11-09T18:08:50 IST" duration-ms="137" status="PASS">
          <reporter-output>
          </reporter-output>
        </test-method> <!-- TC005_ClickDispenseCollect -->
        <test-method is-config="true" signature="takeScreenShotOnFailure(org.testng.ITestResult)[pri:0, instance:im.HomepgTest@8297b3a]" started-at="2021-11-09T18:08:50 IST" name="takeScreenShotOnFailure" finished-at="2021-11-09T18:08:50 IST" duration-ms="0" status="PASS">
          <params>
            <param index="0">
              <value>
                <![CDATA[[TestResult name=TC004_ClickMaintainRepair status=SUCCESS method=HomepgTest.TC004_ClickMaintainRepair()[pri:0, instance:im.HomepgTest@8297b3a] output={null}]]]>
              </value>
            </param>
          </params>
          <reporter-output>
          </reporter-output>
        </test-method> <!-- takeScreenShotOnFailure -->
        <test-method is-config="true" signature="takeScreenShotOnFailure(org.testng.ITestResult)[pri:0, instance:im.HomepgTest@8297b3a]" started-at="2021-11-09T18:08:50 IST" name="takeScreenShotOnFailure" finished-at="2021-11-09T18:08:50 IST" duration-ms="0" status="PASS">
          <params>
            <param index="0">
              <value>
                <![CDATA[[TestResult name=TC005_ClickDispenseCollect status=SUCCESS method=HomepgTest.TC005_ClickDispenseCollect()[pri:0, instance:im.HomepgTest@8297b3a] output={null}]]]>
              </value>
            </param>
          </params>
          <reporter-output>
          </reporter-output>
        </test-method> <!-- takeScreenShotOnFailure -->
        <test-method signature="TC006_ClickSurveyReport()[pri:0, instance:im.HomepgTest@8297b3a]" started-at="2021-11-09T18:08:50 IST" name="TC006_ClickSurveyReport" finished-at="2021-11-09T18:08:50 IST" duration-ms="265" status="PASS">
          <reporter-output>
          </reporter-output>
        </test-method> <!-- TC006_ClickSurveyReport -->
        <test-method is-config="true" signature="takeScreenShotOnFailure(org.testng.ITestResult)[pri:0, instance:im.HomepgTest@8297b3a]" started-at="2021-11-09T18:08:50 IST" name="takeScreenShotOnFailure" finished-at="2021-11-09T18:08:50 IST" duration-ms="0" status="PASS">
          <params>
            <param index="0">
              <value>
                <![CDATA[[TestResult name=TC006_ClickSurveyReport status=SUCCESS method=HomepgTest.TC006_ClickSurveyReport()[pri:0, instance:im.HomepgTest@8297b3a] output={null}]]]>
              </value>
            </param>
          </params>
          <reporter-output>
          </reporter-output>
        </test-method> <!-- takeScreenShotOnFailure -->
        <test-method signature="TC007_ClickDeviceDashboard()[pri:0, instance:im.HomepgTest@8297b3a]" started-at="2021-11-09T18:08:50 IST" name="TC007_ClickDeviceDashboard" finished-at="2021-11-09T18:08:50 IST" duration-ms="304" status="PASS">
          <reporter-output>
          </reporter-output>
        </test-method> <!-- TC007_ClickDeviceDashboard -->
        <test-method is-config="true" signature="takeScreenShotOnFailure(org.testng.ITestResult)[pri:0, instance:im.HomepgTest@8297b3a]" started-at="2021-11-09T18:08:50 IST" name="takeScreenShotOnFailure" finished-at="2021-11-09T18:08:50 IST" duration-ms="2" status="PASS">
          <params>
            <param index="0">
              <value>
                <![CDATA[[TestResult name=TC007_ClickDeviceDashboard status=SUCCESS method=HomepgTest.TC007_ClickDeviceDashboard()[pri:0, instance:im.HomepgTest@8297b3a] output={null}]]]>
              </value>
            </param>
          </params>
          <reporter-output>
          </reporter-output>
        </test-method> <!-- takeScreenShotOnFailure -->
      </class> <!-- im.HomepgTest -->
    </test> <!-- Test -->
  </suite> <!-- Suite -->
</testng-results>
