<?xml version="1.0" encoding="UTF-8"?>
<!-- Generated by org.testng.reporters.JUnitXMLReporter -->
<testsuite ignored="0" hostname="IB-SEZ-LAP-793" failures="0" tests="9" name="Test" time="18.61" errors="0" timestamp="2021-11-09T18:08:58 IST">
  <testcase classname="im.HomepgTest" name="TC001_LaunchURL" time="3.142"/>
  <testcase classname="im.HomepgTest" name="TC002_Login" time="6.717"/>
  <testcase classname="im.HomepgTest" name="TC003_ClickAllDevice" time="0.104"/>
  <testcase classname="im.HomepgTest" name="TC004_ClickMaintainRepair" time="0.667"/>
  <testcase classname="im.HomepgTest" name="TC005_ClickDispenseCollect" time="0.137"/>
  <testcase classname="im.HomepgTest" name="TC006_ClickSurveyReport" time="0.265"/>
  <testcase classname="im.HomepgTest" name="TC007_ClickDeviceDashboard" time="0.304"/>
  <testcase classname="im.AllDeviceTest" name="TC001_ClickAllDevice" time="0.16"/>
  <testcase classname="im.AllDeviceTest" name="TC002_CreateNewDevice" time="7.035"/>
</testsuite> <!-- Test -->
