<?xml version="1.0" encoding="UTF-8"?>
<testsuite name="Test"
           tests="7"
           failures="0"
           errors="0"
           skipped="0"
           time="11.336">
  <properties />
  
  
            <testcase name="TC005_ClickDispenseCollect" time="0.137" classname="im.HomepgTest" />
                <testcase name="TC002_Login" time="6.717" classname="im.HomepgTest" />
                <testcase name="TC003_ClickAllDevice" time="0.104" classname="im.HomepgTest" />
                <testcase name="TC004_ClickMaintainRepair" time="0.667" classname="im.HomepgTest" />
                <testcase name="TC001_LaunchURL" time="3.142" classname="im.HomepgTest" />
                <testcase name="TC006_ClickSurveyReport" time="0.265" classname="im.HomepgTest" />
                <testcase name="TC007_ClickDeviceDashboard" time="0.304" classname="im.HomepgTest" />
      
</testsuite>
